  ▲ Next.js 14.2.35
  - Local:        http://localhost:3010

 ✓ Starting...
 ✓ Ready in 460ms
 ⨯ Error: Cannot find module './chunks/vendor-chunks/next.js'
Require stack:
- D:\FreeLance\AI-LearningPortal\backend\.next\server\webpack-runtime.js
- D:\FreeLance\AI-LearningPortal\backend\.next\server\pages\_document.js
- D:\FreeLance\AI-LearningPortal\backend\node_modules\next\dist\server\require.js
- D:\FreeLance\AI-LearningPortal\backend\node_modules\next\dist\server\next-server.js
- D:\FreeLance\AI-LearningPortal\backend\node_modules\next\dist\server\next.js
- D:\FreeLance\AI-LearningPortal\backend\node_modules\next\dist\server\lib\start-server.js
- D:\FreeLance\AI-LearningPortal\backend\node_modules\next\dist\cli\next-start.js
    at Function.<anonymous> (node:internal/modules/cjs/loader:1365:15)
    at D:\FreeLance\AI-LearningPortal\backend\node_modules\next\dist\server\require-hook.js:55:36
    at defaultResolveImpl (node:internal/modules/cjs/loader:1021:19)
    at resolveForCJSWithHooks (node:internal/modules/cjs/loader:1026:22)
    at Function._load (node:internal/modules/cjs/loader:1175:37)
    at TracingChannel.traceSync (node:diagnostics_channel:322:14)
    at wrapModuleLoad (node:internal/modules/cjs/loader:235:24)
    at Module.<anonymous> (node:internal/modules/cjs/loader:1445:12)
    at mod.require (D:\FreeLance\AI-LearningPortal\backend\node_modules\next\dist\server\require-hook.js:65:28)
    at require (node:internal/modules/helpers:135:16) {
  code: 'MODULE_NOT_FOUND',
  requireStack: [
    'D:\\FreeLance\\AI-LearningPortal\\backend\\.next\\server\\webpack-runtime.js',
    'D:\\FreeLance\\AI-LearningPortal\\backend\\.next\\server\\pages\\_document.js',
    'D:\\FreeLance\\AI-LearningPortal\\backend\\node_modules\\next\\dist\\server\\require.js',
    'D:\\FreeLance\\AI-LearningPortal\\backend\\node_modules\\next\\dist\\server\\next-server.js',
    'D:\\FreeLance\\AI-LearningPortal\\backend\\node_modules\\next\\dist\\server\\next.js',
    'D:\\FreeLance\\AI-LearningPortal\\backend\\node_modules\\next\\dist\\server\\lib\\start-server.js',
    'D:\\FreeLance\\AI-LearningPortal\\backend\\node_modules\\next\\dist\\cli\\next-start.js'
  ]
}
 ⨯ Error: Cannot find module './chunks/vendor-chunks/next.js'
Require stack:
- D:\FreeLance\AI-LearningPortal\backend\.next\server\webpack-runtime.js
- D:\FreeLance\AI-LearningPortal\backend\.next\server\pages\_document.js
- D:\FreeLance\AI-LearningPortal\backend\node_modules\next\dist\server\require.js
- D:\FreeLance\AI-LearningPortal\backend\node_modules\next\dist\server\next-server.js
- D:\FreeLance\AI-LearningPortal\backend\node_modules\next\dist\server\next.js
- D:\FreeLance\AI-LearningPortal\backend\node_modules\next\dist\server\lib\start-server.js
- D:\FreeLance\AI-LearningPortal\backend\node_modules\next\dist\cli\next-start.js
    at Function.<anonymous> (node:internal/modules/cjs/loader:1365:15)
    at D:\FreeLance\AI-LearningPortal\backend\node_modules\next\dist\server\require-hook.js:55:36
    at defaultResolveImpl (node:internal/modules/cjs/loader:1021:19)
    at resolveForCJSWithHooks (node:internal/modules/cjs/loader:1026:22)
    at Function._load (node:internal/modules/cjs/loader:1175:37)
    at TracingChannel.traceSync (node:diagnostics_channel:322:14)
    at wrapModuleLoad (node:internal/modules/cjs/loader:235:24)
    at Module.<anonymous> (node:internal/modules/cjs/loader:1445:12)
    at mod.require (D:\FreeLance\AI-LearningPortal\backend\node_modules\next\dist\server\require-hook.js:65:28)
    at require (node:internal/modules/helpers:135:16) {
  code: 'MODULE_NOT_FOUND',
  requireStack: [
    'D:\\FreeLance\\AI-LearningPortal\\backend\\.next\\server\\webpack-runtime.js',
    'D:\\FreeLance\\AI-LearningPortal\\backend\\.next\\server\\pages\\_document.js',
    'D:\\FreeLance\\AI-LearningPortal\\backend\\node_modules\\next\\dist\\server\\require.js',
    'D:\\FreeLance\\AI-LearningPortal\\backend\\node_modules\\next\\dist\\server\\next-server.js',
    'D:\\FreeLance\\AI-LearningPortal\\backend\\node_modules\\next\\dist\\server\\next.js',
    'D:\\FreeLance\\AI-LearningPortal\\backend\\node_modules\\next\\dist\\server\\lib\\start-server.js',
    'D:\\FreeLance\\AI-LearningPortal\\backend\\node_modules\\next\\dist\\cli\\next-start.js'
  ]
}
 ⨯ Error: Cannot find module './chunks/vendor-chunks/next.js'
Require stack:
- D:\FreeLance\AI-LearningPortal\backend\.next\server\webpack-runtime.js
- D:\FreeLance\AI-LearningPortal\backend\.next\server\pages\_document.js
- D:\FreeLance\AI-LearningPortal\backend\node_modules\next\dist\server\require.js
- D:\FreeLance\AI-LearningPortal\backend\node_modules\next\dist\server\next-server.js
- D:\FreeLance\AI-LearningPortal\backend\node_modules\next\dist\server\next.js
- D:\FreeLance\AI-LearningPortal\backend\node_modules\next\dist\server\lib\start-server.js
- D:\FreeLance\AI-LearningPortal\backend\node_modules\next\dist\cli\next-start.js
    at Function.<anonymous> (node:internal/modules/cjs/loader:1365:15)
    at D:\FreeLance\AI-LearningPortal\backend\node_modules\next\dist\server\require-hook.js:55:36
    at defaultResolveImpl (node:internal/modules/cjs/loader:1021:19)
    at resolveForCJSWithHooks (node:internal/modules/cjs/loader:1026:22)
    at Function._load (node:internal/modules/cjs/loader:1175:37)
    at TracingChannel.traceSync (node:diagnostics_channel:322:14)
    at wrapModuleLoad (node:internal/modules/cjs/loader:235:24)
    at Module.<anonymous> (node:internal/modules/cjs/loader:1445:12)
    at mod.require (D:\FreeLance\AI-LearningPortal\backend\node_modules\next\dist\server\require-hook.js:65:28)
    at require (node:internal/modules/helpers:135:16) {
  code: 'MODULE_NOT_FOUND',
  requireStack: [
    'D:\\FreeLance\\AI-LearningPortal\\backend\\.next\\server\\webpack-runtime.js',
    'D:\\FreeLance\\AI-LearningPortal\\backend\\.next\\server\\pages\\_document.js',
    'D:\\FreeLance\\AI-LearningPortal\\backend\\node_modules\\next\\dist\\server\\require.js',
    'D:\\FreeLance\\AI-LearningPortal\\backend\\node_modules\\next\\dist\\server\\next-server.js',
    'D:\\FreeLance\\AI-LearningPortal\\backend\\node_modules\\next\\dist\\server\\next.js',
    'D:\\FreeLance\\AI-LearningPortal\\backend\\node_modules\\next\\dist\\server\\lib\\start-server.js',
    'D:\\FreeLance\\AI-LearningPortal\\backend\\node_modules\\next\\dist\\cli\\next-start.js'
  ]
}
 ⨯ Error: Cannot find module './chunks/vendor-chunks/next.js'
Require stack:
- D:\FreeLance\AI-LearningPortal\backend\.next\server\webpack-runtime.js
- D:\FreeLance\AI-LearningPortal\backend\.next\server\pages\_document.js
- D:\FreeLance\AI-LearningPortal\backend\node_modules\next\dist\server\require.js
- D:\FreeLance\AI-LearningPortal\backend\node_modules\next\dist\server\next-server.js
- D:\FreeLance\AI-LearningPortal\backend\node_modules\next\dist\server\next.js
- D:\FreeLance\AI-LearningPortal\backend\node_modules\next\dist\server\lib\start-server.js
- D:\FreeLance\AI-LearningPortal\backend\node_modules\next\dist\cli\next-start.js
    at Function.<anonymous> (node:internal/modules/cjs/loader:1365:15)
    at D:\FreeLance\AI-LearningPortal\backend\node_modules\next\dist\server\require-hook.js:55:36
    at defaultResolveImpl (node:internal/modules/cjs/loader:1021:19)
    at resolveForCJSWithHooks (node:internal/modules/cjs/loader:1026:22)
    at Function._load (node:internal/modules/cjs/loader:1175:37)
    at TracingChannel.traceSync (node:diagnostics_channel:322:14)
    at wrapModuleLoad (node:internal/modules/cjs/loader:235:24)
    at Module.<anonymous> (node:internal/modules/cjs/loader:1445:12)
    at mod.require (D:\FreeLance\AI-LearningPortal\backend\node_modules\next\dist\server\require-hook.js:65:28)
    at require (node:internal/modules/helpers:135:16) {
  code: 'MODULE_NOT_FOUND',
  requireStack: [
    'D:\\FreeLance\\AI-LearningPortal\\backend\\.next\\server\\webpack-runtime.js',
    'D:\\FreeLance\\AI-LearningPortal\\backend\\.next\\server\\pages\\_document.js',
    'D:\\FreeLance\\AI-LearningPortal\\backend\\node_modules\\next\\dist\\server\\require.js',
    'D:\\FreeLance\\AI-LearningPortal\\backend\\node_modules\\next\\dist\\server\\next-server.js',
    'D:\\FreeLance\\AI-LearningPortal\\backend\\node_modules\\next\\dist\\server\\next.js',
    'D:\\FreeLance\\AI-LearningPortal\\backend\\node_modules\\next\\dist\\server\\lib\\start-server.js',
    'D:\\FreeLance\\AI-LearningPortal\\backend\\node_modules\\next\\dist\\cli\\next-start.js'
  ]
}
